<?xml version="1.0" encoding="UTF-8" ?>
<testsuite tests="4" failures="1" name="TestSuite" time="42.078" errors="0" skipped="2">
  <properties>
[...]
</properties>
  <testcase classname="com.intigration.qa.testcases.WelcomePageTest" name="welcomePageTitle" time="1.989"/>
  <testcase classname="com.intigration.qa.testcases.LoginPageTest" name="websiteLaunch" time="40.053">
    <failure message="timeout: Timed out receiving message from renderer: 17.148
  (Session info: chrome=81.0.4044.113)
Build info: version: &apos;3.12.0&apos;, revision: &apos;7c6e0b3&apos;, time: &apos;2018-05-08T14:04:26.12Z&apos;
System info: host: &apos;DESKTOP-8SE8GSP&apos;, ip: &apos;10.114.180.150&apos;, os.name: &apos;Windows 10&apos;, os.arch: &apos;amd64&apos;, os.version: &apos;10.0&apos;, java.version: &apos;1.8.0_241&apos;
Driver info: org.openqa.selenium.chrome.ChromeDriver
Capabilities {acceptInsecureCerts: false, browserName: chrome, browserVersion: 81.0.4044.113, chrome: {chromedriverVersion: 81.0.4044.69 (6813546031a4b..., userDataDir: C:\Windows\TEMP\scoped_dir1...}, goog:chromeOptions: {debuggerAddress: localhost:54149}, javascriptEnabled: true, networkConnectionEnabled: false, pageLoadStrategy: normal, platform: WINDOWS, platformName: WINDOWS, proxy: Proxy(), setWindowRect: true, strictFileInteractability: false, timeouts: {implicit: 0, pageLoad: 300000, script: 30000}, unhandledPromptBehavior: dismiss and notify, webauthn:virtualAuthenticators: true}
Session ID: c3586aaddb5be5b98892997f6a696e43" type="org.openqa.selenium.TimeoutException">org.openqa.selenium.TimeoutException: timeout: Timed out receiving message from renderer: 17.148
  (Session info: chrome=81.0.4044.113)
Build info: version: &apos;3.12.0&apos;, revision: &apos;7c6e0b3&apos;, time: &apos;2018-05-08T14:04:26.12Z&apos;
System info: host: &apos;DESKTOP-8SE8GSP&apos;, ip: &apos;10.114.180.150&apos;, os.name: &apos;Windows 10&apos;, os.arch: &apos;amd64&apos;, os.version: &apos;10.0&apos;, java.version: &apos;1.8.0_241&apos;
Driver info: org.openqa.selenium.chrome.ChromeDriver
Capabilities {acceptInsecureCerts: false, browserName: chrome, browserVersion: 81.0.4044.113, chrome: {chromedriverVersion: 81.0.4044.69 (6813546031a4b..., userDataDir: C:\Windows\TEMP\scoped_dir1...}, goog:chromeOptions: {debuggerAddress: localhost:54149}, javascriptEnabled: true, networkConnectionEnabled: false, pageLoadStrategy: normal, platform: WINDOWS, platformName: WINDOWS, proxy: Proxy(), setWindowRect: true, strictFileInteractability: false, timeouts: {implicit: 0, pageLoad: 300000, script: 30000}, unhandledPromptBehavior: dismiss and notify, webauthn:virtualAuthenticators: true}
Session ID: c3586aaddb5be5b98892997f6a696e43
	at sun.reflect.NativeConstructorAccessorImpl.newInstance0(Native Method)
	at sun.reflect.NativeConstructorAccessorImpl.newInstance(NativeConstructorAccessorImpl.java:62)
	at sun.reflect.DelegatingConstructorAccessorImpl.newInstance(DelegatingConstructorAccessorImpl.java:45)
	at java.lang.reflect.Constructor.newInstance(Constructor.java:423)
	at org.openqa.selenium.remote.http.W3CHttpResponseCodec.createException(W3CHttpResponseCodec.java:187)
	at org.openqa.selenium.remote.http.W3CHttpResponseCodec.decode(W3CHttpResponseCodec.java:122)
	at org.openqa.selenium.remote.http.W3CHttpResponseCodec.decode(W3CHttpResponseCodec.java:49)
	at org.openqa.selenium.remote.HttpCommandExecutor.execute(HttpCommandExecutor.java:158)
	at org.openqa.selenium.remote.service.DriverCommandExecutor.execute(DriverCommandExecutor.java:83)
	at org.openqa.selenium.remote.RemoteWebDriver.execute(RemoteWebDriver.java:543)
	at org.openqa.selenium.remote.RemoteWebDriver.get(RemoteWebDriver.java:271)
	at com.insightly.qa.base.SetProperty.browserIntialization(SetProperty.java:41)
	at com.intigration.qa.testcases.LoginPageTest.websiteLaunch(LoginPageTest.java:23)
</failure>
    <system-out>[INFO ] 2020-04-23 23:04:24.795 [main] WelcomePageTest - Closing the Browser
</system-out>
    <system-err>Starting ChromeDriver 81.0.4044.69 (6813546031a4bc83f717a2ef7cd4ac6ec1199132-refs/branch-heads/4044@{#776}) on port 2340
Only local connections are allowed.
Please protect ports used by ChromeDriver and related test frameworks to prevent access by malicious code.
Apr 23, 2020 11:04:35 PM org.openqa.selenium.remote.ProtocolHandshake createSession
INFO: Detected dialect: W3C
[1587663290.390][SEVERE]: Timed out receiving message from renderer: 0.100
[1587663294.547][SEVERE]: Timed out receiving message from renderer: 0.100
[1587663300.564][SEVERE]: Timed out receiving message from renderer: 0.100
[1587663302.504][SEVERE]: Timed out receiving message from renderer: 17.148
[1587663302.713][SEVERE]: Timed out receiving message from renderer: 17.148
Apr 23, 2020 11:05:02 PM org.openqa.selenium.remote.ErrorCodes toStatus
INFO: HTTP Status: &apos;500&apos; -&gt; incorrect JSON status mapping for &apos;timeout&apos; (408 expected)
</system-err>
  </testcase>
  <testcase classname="com.intigration.qa.testcases.LoginPageTest" name="insigtlyLogin" time="0">
    <skipped/>
  </testcase>
  <testcase classname="com.intigration.qa.testcases.LoginPageTest" name="browserClose" time="0.036">
    <skipped/>
  </testcase>
</testsuite>