<?xml version="1.0" encoding="UTF-8"?>
<testng-results skipped="0" failed="0" ignored="0" total="1" passed="1">
  <reporter-output>
  </reporter-output>
  <suite name="Default suite" duration-ms="16865" started-at="2020-04-23T22:55:50 IST" finished-at="2020-04-23T22:56:07 IST">
    <groups>
    </groups>
    <test name="Default test" duration-ms="16865" started-at="2020-04-23T22:55:50 IST" finished-at="2020-04-23T22:56:07 IST">
      <class name="com.intigration.qa.testcases.WelcomePageTest">
        <test-method status="PASS" signature="websiteLaunch()[pri:0, instance:com.intigration.qa.testcases.WelcomePageTest@117e949d]" name="websiteLaunch" is-config="true" duration-ms="14261" started-at="2020-04-23T22:55:50 IST" finished-at="2020-04-23T22:56:04 IST">
          <reporter-output>
          </reporter-output>
        </test-method> <!-- websiteLaunch -->
        <test-method status="PASS" signature="welcomePageTitle()[pri:0, instance:com.intigration.qa.testcases.WelcomePageTest@117e949d]" name="welcomePageTitle" duration-ms="120" started-at="2020-04-23T22:56:04 IST" finished-at="2020-04-23T22:56:04 IST">
          <reporter-output>
          </reporter-output>
        </test-method> <!-- welcomePageTitle -->
        <test-method status="PASS" signature="closeBrowser()[pri:0, instance:com.intigration.qa.testcases.WelcomePageTest@117e949d]" name="closeBrowser" is-config="true" duration-ms="2361" started-at="2020-04-23T22:56:04 IST" finished-at="2020-04-23T22:56:07 IST">
          <reporter-output>
          </reporter-output>
        </test-method> <!-- closeBrowser -->
      </class> <!-- com.intigration.qa.testcases.WelcomePageTest -->
    </test> <!-- Default test -->
  </suite> <!-- Default suite -->
</testng-results>
